<?xml version="1.0" encoding="UTF-8"?>
<!-- Generated by org.testng.reporters.JUnitReportReporter -->
<testsuite hostname="DESKTOP-55IUB1S" failures="0" tests="1" name="com.inetbanking.TestCases.TC_addNewCustomer__003" time="17.007" errors="0" timestamp="2024-07-11T09:55:28 IST" skipped="0">
  <testcase classname="com.inetbanking.TestCases.TC_addNewCustomer__003" name="addCustomer" time="17.007"/>
</testsuite> <!-- com.inetbanking.TestCases.TC_addNewCustomer__003 -->
