<?xml version="1.0" encoding="UTF-8"?>
<!-- Generated by org.testng.reporters.JUnitReportReporter -->
<testsuite hostname="Debapriya_S" failures="0" tests="1" name="com.inetbanking.TestCases.TC_login001" time="4.919" errors="0" timestamp="2024-07-12T22:19:23 IST" skipped="0">
  <testcase classname="com.inetbanking.TestCases.TC_login001" name="loginTest" time="4.919"/>
</testsuite> <!-- com.inetbanking.TestCases.TC_login001 -->
