<?xml version="1.0" encoding="UTF-8"?>
<!-- Generated by org.testng.reporters.JUnitReportReporter -->
<testsuite hostname="DESKTOP-55IUB1S" failures="0" tests="1" name="com.inetbanking.TestCases.TC_addNewCustomer__003" time="18.416" errors="0" timestamp="2024-07-11T21:27:42 IST" skipped="0">
  <testcase classname="com.inetbanking.TestCases.TC_addNewCustomer__003" name="addCustomer" time="18.416"/>
</testsuite> <!-- com.inetbanking.TestCases.TC_addNewCustomer__003 -->
